#
# A fatal error has been detected by the Java Runtime Environment:
#
#  SIGILL (0x4) at pc=0x00007fff2301c318, pid=18969, tid=775
#
# JRE version: OpenJDK Runtime Environment (15.0.1+9) (build 15.0.1+9-18)
# Java VM: OpenJDK 64-Bit Server VM (15.0.1+9-18, mixed mode, sharing, tiered, compressed oops, g1 gc, bsd-amd64)
# Problematic frame:
# C  [AppKit+0x3eb318]  -[NSApplication _crashOnException:]+0x15b
#
# No core dump will be written. Core dumps have been disabled. To enable core dumping, try "ulimit -c unlimited" before starting Java again
#
# If you would like to submit a bug report, please visit:
#   https://bugreport.java.com/bugreport/crash.jsp
# The crash happened outside the Java Virtual Machine in native code.
# See problematic frame for where to report the bug.
#

---------------  S U M M A R Y ------------

Command Line: -Djava.library.path=/Users/laurynjefferson/Documents/Libraries/Slick2D/slick/lib -javaagent:/Applications/IntelliJ IDEA CE.app/Contents/lib/idea_rt.jar=60225:/Applications/IntelliJ IDEA CE.app/Contents/bin -Dfile.encoding=UTF-8 main.GameLauncher

Host: MacBookPro16,3 x86_64 1400 MHz, 8 cores, 8G, Darwin 20.2.0
Time: Sun Jan 10 14:39:05 2021 PST elapsed time: 0.455908 seconds (0d 0h 0m 0s)

---------------  T H R E A D  ---------------

Current thread (0x00007fa13907ca00):  JavaThread "AppKit Thread" daemon [_thread_in_native, id=775, stack(0x00007ffedf4f5000,0x00007ffedfcf5000)]

Stack: [0x00007ffedf4f5000,0x00007ffedfcf5000],  sp=0x00007ffedfcf0a90,  free space=8174k
Native frames: (J=compiled Java code, A=aot compiled Java code, j=interpreted, Vv=VM code, C=native code)
C  [AppKit+0x3eb318]  -[NSApplication _crashOnException:]+0x15b
C  [AppKit+0x1c3491]  __62+[CATransaction(NSCATransaction) NS_setFlushesWithDisplayLink]_block_invoke+0x33c
C  [AppKit+0x912085]  ___NSRunLoopObserverCreateWithHandler_block_invoke+0x29
C  [CoreFoundation+0x80dad]  __CFRUNLOOP_IS_CALLING_OUT_TO_AN_OBSERVER_CALLBACK_FUNCTION__+0x17
C  [CoreFoundation+0x80c3d]  __CFRunLoopDoObservers+0x225
C  [CoreFoundation+0x800ed]  __CFRunLoopRun+0x346
C  [CoreFoundation+0x7f6ce]  CFRunLoopRunSpecific+0x233
C  [HIToolbox+0x316d0]  RunCurrentEventLoopInMode+0x124
C  [HIToolbox+0x314cc]  ReceiveNextEventCommon+0x2c5
C  [HIToolbox+0x311ef]  _BlockUntilNextEventMatchingListInModeWithFilter+0x40
C  [AppKit+0x3ede9]  _DPSNextEvent+0x373
C  [AppKit+0x3d5af]  -[NSApplication(NSEvent) _nextEventMatchingEventMask:untilDate:inMode:dequeue:]+0x556
C  [libosxapp.dylib+0x270a]  -[NSApplicationAWT nextEventMatchingMask:untilDate:inMode:dequeue:]+0x7a
C  [AppKit+0x2fb0a]  -[NSApplication run]+0x24a
C  [libosxapp.dylib+0x24fe]  +[NSApplicationAWT runAWTLoopWithApp:]+0x9e
C  [libawt_lwawt.dylib+0x3f2f6]  +[AWTStarter starter:headless:]+0x416
C  [JavaNativeFoundation+0x970f]  +[JNFRunLoop _performCopiedBlock:]+0xf
C  [Foundation+0x804d9]  __NSThreadPerformPerform+0xcc
C  [CoreFoundation+0x81a0c]  __CFRUNLOOP_IS_CALLING_OUT_TO_A_SOURCE0_PERFORM_FUNCTION__+0x11
C  [CoreFoundation+0x81974]  __CFRunLoopDoSource0+0xb4
C  [CoreFoundation+0x816ef]  __CFRunLoopDoSources0+0xf8
C  [CoreFoundation+0x80121]  __CFRunLoopRun+0x37a
C  [CoreFoundation+0x7f6ce]  CFRunLoopRunSpecific+0x233
C  [libjli.dylib+0x6e32]  CreateExecutionEnvironment+0x192
C  [libjli.dylib+0x2674]  JLI_Launch+0x614
C  [java+0xc0e]  main+0x19e
C  [libdyld.dylib+0x15621]  start+0x1


siginfo: si_signo: 4 (SIGILL), si_code: 1 (ILL_ILLOPC), si_addr: 0x00007fff2301c318

Register to memory mapping:

RAX=0x00007fa13a104400 points into unknown readable memory: 0x65726f4320202030 | 30 20 20 20 43 6f 72 65
RBX=0x00007fff201f8d00: objc_msgSend+0 in /usr/lib/libobjc.A.dylib at 0x00007fff201f3000
RCX=0x6adae13ea646008f is an unknown value
RDX=0x0000000000000001 is an unknown value
RSP=0x00007ffedfcf0a90 is pointing into the stack for thread: 0x00007fa13907ca00
RBP=0x00007ffedfcf0ac0 is pointing into the stack for thread: 0x00007fa13907ca00
RSI=0x0000000000000efb is an unknown value
RDI=0x00007ffedfcf0630 is pointing into the stack for thread: 0x00007fa13907ca00
R8 =0x0000000000000e00 is an unknown value
R9 =0x0 is NULL
R10=0x00000000000000fb is an unknown value
R11=0x00007ffedfcf0326 is pointing into the stack for thread: 0x00007fa13907ca00
R12=0x00007fa13a009068 points into unknown readable memory: 0x0000000000000000 | 00 00 00 00 00 00 00 00
R13=0x00007fa138c81f30 points into unknown readable memory: 0x011dffff883dc251 | 51 c2 3d 88 ff ff 1d 01
R14=0x00007fa138c84b10 points into unknown readable memory: 0x021dffff883dcc01 | 01 cc 3d 88 ff ff 1d 02
R15=0x00007fff7c5a5d5b: GCC_except_table772+0x5c37e497 in /usr/lib/libobjc.A.dylib at 0x00007fff201f3000


Registers:
RAX=0x00007fa13a104400, RBX=0x00007fff201f8d00, RCX=0x6adae13ea646008f, RDX=0x0000000000000001
RSP=0x00007ffedfcf0a90, RBP=0x00007ffedfcf0ac0, RSI=0x0000000000000efb, RDI=0x00007ffedfcf0630
R8 =0x0000000000000e00, R9 =0x0000000000000000, R10=0x00000000000000fb, R11=0x00007ffedfcf0326
R12=0x00007fa13a009068, R13=0x00007fa138c81f30, R14=0x00007fa138c84b10, R15=0x00007fff7c5a5d5b
RIP=0x00007fff2301c318, EFLAGS=0x0000000000010206, ERR=0x0000000000000000
  TRAPNO=0x0000000000000006

Top of Stack: (sp=0x00007ffedfcf0a90)
0x00007ffedfcf0a90:   38c84e8008420102 0000000000007fa1
0x00007ffedfcf0aa0:   000000ff000000ff 00007fa138c84c50
0x00007ffedfcf0ab0:   00007fa138c811f0 00007fa138c81f30
0x00007ffedfcf0ac0:   00007ffedfcf0c00 00007fff22df4491
0x00007ffedfcf0ad0:   00007fff201f8d00 00007fa138c738c0
0x00007ffedfcf0ae0:   00007ffedfcf0b40 00007fff22c8b7a2
0x00007ffedfcf0af0:   00007fa13a9778b0 00007fa138c54d30
0x00007ffedfcf0b00:   00007ffedfcf0b40 00007fff22c8b633
0x00007ffedfcf0b10:   6adae13ea646008f 00007fa138c738c0
0x00007ffedfcf0b20:   00007fa13a978240 00000000000000a8
0x00007ffedfcf0b30:   0000000000000004 00007fa13a9778b0
0x00007ffedfcf0b40:   0000000000000200 0000000000000002
0x00007ffedfcf0b50:   000000010ff32a00 0000000000000002
0x00007ffedfcf0b60:   00007fa138d00000 0000000000000004
0x00007ffedfcf0b70:   000000010ff32a00 0000000000000004
0x00007ffedfcf0b80:   0000000000000030 00007fa138d5d850
0x00007ffedfcf0b90:   00007ffedfcf0c10 00007fff201877aa
0x00007ffedfcf0ba0:   00007fa138d627b0 0000000000000000
0x00007ffedfcf0bb0:   00007fa138d5d880 0000000100000000
0x00007ffedfcf0bc0:   0000000000000003 00007fa138d5d850
0x00007ffedfcf0bd0:   6adae13ea646008f 00007fa138c81170
0x00007ffedfcf0be0:   00007fa13a009068 00007fa138c81f30
0x00007ffedfcf0bf0:   0000000000000002 00007fa138c81f30
0x00007ffedfcf0c00:   00007ffedfcf0c30 00007fff23543085
0x00007ffedfcf0c10:   00007fa138c81170 00007fff20454277
0x00007ffedfcf0c20:   0000000000000002 0000000000000000
0x00007ffedfcf0c30:   00007ffedfcf0c40 00007fff20453dad
0x00007ffedfcf0c40:   00007ffedfcf0d00 00007fff20453c3d
0x00007ffedfcf0c50:   00007fa138c81f30 0000000000000020
0x00007ffedfcf0c60:   00007fff883dbf08 00007fff20453ad2
0x00007ffedfcf0c70:   00007fa138d06850 0000000500002d8a
0x00007ffedfcf0c80:   00007ffedfcf0c70 00007ffedfcf0c50 

Instructions: (pc=0x00007fff2301c318)
0x00007fff2301c218:   41 c7 00 02 01 42 08 49 89 40 04 48 8d 3d d6 4d
0x00007fff2301c228:   c1 ff 48 8d 0d 1f a8 87 00 48 89 de ba 10 00 00
0x00007fff2301c238:   00 41 b9 0c 00 00 00 e8 fc c2 7a 00 48 83 3d ec
0x00007fff2301c248:   51 3a 65 ff 75 02 eb 13 48 8d 3d e1 51 3a 65 48
0x00007fff2301c258:   8d 35 6a 9c 56 5d e8 69 c4 7a 00 48 8b 1d ee 50
0x00007fff2301c268:   3a 65 48 89 df be 10 00 00 00 e8 ad c9 7a 00 4c
0x00007fff2301c278:   8b 3d c2 e6 a6 65 84 c0 74 3c 4c 89 f7 4c 89 fe
0x00007fff2301c288:   ff 15 62 57 54 5d 4c 8d 45 d0 41 c7 00 02 01 42
0x00007fff2301c298:   08 49 89 40 04 48 8d 3d 5c 4d c1 ff 48 8d 0d a5
0x00007fff2301c2a8:   a7 87 00 48 89 de ba 10 00 00 00 41 b9 0c 00 00
0x00007fff2301c2b8:   00 e8 82 c2 7a 00 48 8b 35 ab c2 a6 65 48 8b 1d
0x00007fff2301c2c8:   24 57 54 5d 4c 89 f7 ff d3 48 8d 3d 20 b6 57 5d
0x00007fff2301c2d8:   48 89 c6 31 c0 e8 0d 0f e2 ff 4c 89 f7 4c 89 fe
0x00007fff2301c2e8:   ff d3 48 8b 35 1f fb a6 65 48 8d 15 60 a6 57 5d
0x00007fff2301c2f8:   48 89 c7 ff 15 ef 56 54 5d 48 8b 35 30 b2 a6 65
0x00007fff2301c308:   48 89 c7 ff 15 df 56 54 5d 48 89 05 e8 94 ac 65
0x00007fff2301c318:   0f 0b 48 89 c7 e8 94 c7 7a 00 31 ff 31 f6 31 c0
0x00007fff2301c328:   e8 c2 0e e2 ff e8 b4 c7 7a 00 0f 0b 48 89 c3 e8
0x00007fff2301c338:   9e c7 7a 00 48 89 df e8 00 c1 7a 00 0f 0b e8 8b
0x00007fff2301c348:   c8 7a 00 55 48 89 e5 41 57 41 56 41 55 41 54 53
0x00007fff2301c358:   48 83 ec 68 4d 89 c6 f2 0f 11 8d 78 ff ff ff f2
0x00007fff2301c368:   0f 11 45 80 49 89 cf 48 89 d3 48 8b 35 7f b5 a6
0x00007fff2301c378:   65 48 89 d7 ff 15 6e 56 54 5d 48 83 f8 01 0f 85
0x00007fff2301c388:   c2 01 00 00 4c 89 75 c8 31 ff e8 d5 b3 7a 00 48
0x00007fff2301c398:   89 45 d0 48 8b 35 ce b6 a6 65 4c 8b 2d 47 56 54
0x00007fff2301c3a8:   5d 48 89 df 41 ff d5 48 89 c7 ff 15 48 56 54 5d
0x00007fff2301c3b8:   49 89 c6 4c 8b 25 2e c8 a6 65 48 89 df 4c 89 e6
0x00007fff2301c3c8:   41 ff d5 f2 0f 11 45 a0 f2 0f 11 4d a8 48 8b 35
0x00007fff2301c3d8:   2c b4 a6 65 48 8b 05 5d f3 a6 65 48 89 45 88 48
0x00007fff2301c3e8:   8d 05 72 02 ac 65 4c 8b 00 ba 44 00 00 00 4c 89
0x00007fff2301c3f8:   75 c0 4c 89 f7 4c 89 f9 45 31 c9 4c 89 eb 41 ff
0x00007fff2301c408:   d5 48 85 c0 0f 84 60 01 00 00 49 89 c5 4c 89 bd 


Stack slot to memory mapping:
stack at sp + 0 slots: 0x38c84e8008420102 is an unknown value
stack at sp + 1 slots: 0x0000000000007fa1 is an unknown value
stack at sp + 2 slots: 0x000000ff000000ff is an unknown value
stack at sp + 3 slots: 0x00007fa138c84c50 points into unknown readable memory: 0x434c4e47432b2b00 | 00 2b 2b 43 47 4e 4c 43
stack at sp + 4 slots: 0x00007fa138c811f0 points into unknown readable memory: 0x00007fff889bb090 | 90 b0 9b 88 ff 7f 00 00
stack at sp + 5 slots: 0x00007fa138c81f30 points into unknown readable memory: 0x011dffff883dc251 | 51 c2 3d 88 ff ff 1d 01
stack at sp + 6 slots: 0x00007ffedfcf0c00 is pointing into the stack for thread: 0x00007fa13907ca00
stack at sp + 7 slots: 0x00007fff22df4491: __62+[CATransaction(NSCATransaction) NS_setFlushesWithDisplayLink]_block_invoke+0x33c in /System/Library/Frameworks/AppKit.framework/Versions/C/AppKit at 0x00007fff22c31000


---------------  P R O C E S S  ---------------

Threads class SMR info:
_java_thread_list=0x00007fa138c501e0, length=13, elements={
0x00007fa13c008a00, 0x00007fa139012c00, 0x00007fa139010a00, 0x00007fa13b038000,
0x00007fa13b03a800, 0x00007fa13b03ae00, 0x00007fa13a00b400, 0x00007fa13d808200,
0x00007fa13b038e00, 0x00007fa13b009600, 0x00007fa13b008e00, 0x00007fa13907ca00,
0x00007fa13907e800
}

Java Threads: ( => current thread )
  0x00007fa13c008a00 JavaThread "main" [_thread_in_native, id=6147, stack(0x000070000a75a000,0x000070000a85a000)]
  0x00007fa139012c00 JavaThread "Reference Handler" daemon [_thread_blocked, id=17667, stack(0x000070000ae6f000,0x000070000af6f000)]
  0x00007fa139010a00 JavaThread "Finalizer" daemon [_thread_blocked, id=17411, stack(0x000070000af72000,0x000070000b072000)]
  0x00007fa13b038000 JavaThread "Signal Dispatcher" daemon [_thread_blocked, id=41731, stack(0x000070000b17b000,0x000070000b27b000)]
  0x00007fa13b03a800 JavaThread "Service Thread" daemon [_thread_blocked, id=22787, stack(0x000070000b27e000,0x000070000b37e000)]
  0x00007fa13b03ae00 JavaThread "C2 CompilerThread0" daemon [_thread_blocked, id=40963, stack(0x000070000b381000,0x000070000b481000)]
  0x00007fa13a00b400 JavaThread "C1 CompilerThread0" daemon [_thread_in_native, id=23811, stack(0x000070000b484000,0x000070000b584000)]
  0x00007fa13d808200 JavaThread "Sweeper thread" daemon [_thread_blocked, id=40195, stack(0x000070000b587000,0x000070000b687000)]
  0x00007fa13b038e00 JavaThread "Common-Cleaner" daemon [_thread_blocked, id=25091, stack(0x000070000b68a000,0x000070000b78a000)]
  0x00007fa13b009600 JavaThread "Monitor Ctrl-Break" daemon [_thread_in_native, id=39427, stack(0x000070000b78d000,0x000070000b88d000)]
  0x00007fa13b008e00 JavaThread "Notification Thread" daemon [_thread_blocked, id=25859, stack(0x000070000b890000,0x000070000b990000)]
=>0x00007fa13907ca00 JavaThread "AppKit Thread" daemon [_thread_in_native, id=775, stack(0x00007ffedf4f5000,0x00007ffedfcf5000)]
  0x00007fa13907e800 JavaThread "AWT-Shutdown" [_thread_blocked, id=44803, stack(0x000070000ba96000,0x000070000bb96000)]

Other Threads:
  0x00007fa138d161b0 VMThread "VM Thread" [stack: 0x000070000ad6c000,0x000070000ae6c000] [id=14595]
  0x00007fa13a928f40 WatcherThread [stack: 0x000070000b993000,0x000070000ba93000] [id=38403]
  0x00007fa138d13360 GCTaskThread "GC Thread#0" [stack: 0x000070000a85d000,0x000070000a95d000] [id=20483]
  0x00007fa13a9051b0 ConcurrentGCThread "G1 Main Marker" [stack: 0x000070000a960000,0x000070000aa60000] [id=20227]
  0x00007fa138c13210 ConcurrentGCThread "G1 Conc#0" [stack: 0x000070000aa63000,0x000070000ab63000] [id=13827]
  0x00007fa13ab24200 ConcurrentGCThread "G1 Refine#0" [stack: 0x000070000ab66000,0x000070000ac66000] [id=19203]
  0x00007fa138c13e10 ConcurrentGCThread "G1 Young RemSet Sampling" [stack: 0x000070000ac69000,0x000070000ad69000] [id=18691]

Threads with active compile tasks:
C1 CompilerThread0      470  576   !   3       java.nio.charset.CharsetEncoder::encode (285 bytes)

VM state: not at safepoint (normal execution)

VM Mutex/Monitor currently owned by a thread: None

Heap address: 0x0000000780000000, size: 2048 MB, Compressed Oops mode: Zero based, Oop shift amount: 3
CDS archive(s) mapped at: [0x0000000800000000-0x0000000800b2b000-0x0000000800b2b000), size 11710464, SharedBaseAddress: 0x0000000800000000, ArchiveRelocationMode: 0.
Compressed class space mapped at: 0x0000000800b2c000-0x0000000840b2c000, size: 1073741824
Narrow klass base: 0x0000000800000000, Narrow klass shift: 3, Narrow klass range: 0x100000000

GC Precious Log:
 CPUs: 8 total, 8 available
 Memory: 8192M
 Large Page Support: Disabled
 NUMA Support: Disabled
 Compressed Oops: Enabled (Zero based)
 Heap Region Size: 1M
 Heap Min Capacity: 8M
 Heap Initial Capacity: 128M
 Heap Max Capacity: 2G
 Pre-touch: Disabled
 Parallel Workers: 8
 Concurrent Workers: 2
 Concurrent Refinement Workers: 8
 Periodic GC: Disabled

Heap:
 garbage-first heap   total 133120K, used 5928K [0x0000000780000000, 0x0000000800000000)
  region size 1024K, 6 young (6144K), 0 survivors (0K)
 Metaspace       used 3653K, capacity 5669K, committed 5888K, reserved 1056768K
  class space    used 307K, capacity 488K, committed 512K, reserved 1048576K

Heap Regions: E=young(eden), S=young(survivor), O=old, HS=humongous(starts), HC=humongous(continues), CS=collection set, F=free, OA=open archive, CA=closed archive, TAMS=top-at-mark-start (previous, next)
|   0|0x0000000780000000, 0x0000000780000000, 0x0000000780100000|  0%| F|  |TAMS 0x0000000780000000, 0x0000000780000000| Untracked 
|   1|0x0000000780100000, 0x0000000780100000, 0x0000000780200000|  0%| F|  |TAMS 0x0000000780100000, 0x0000000780100000| Untracked 
|   2|0x0000000780200000, 0x0000000780200000, 0x0000000780300000|  0%| F|  |TAMS 0x0000000780200000, 0x0000000780200000| Untracked 
|   3|0x0000000780300000, 0x0000000780300000, 0x0000000780400000|  0%| F|  |TAMS 0x0000000780300000, 0x0000000780300000| Untracked 
|   4|0x0000000780400000, 0x0000000780400000, 0x0000000780500000|  0%| F|  |TAMS 0x0000000780400000, 0x0000000780400000| Untracked 
|   5|0x0000000780500000, 0x0000000780500000, 0x0000000780600000|  0%| F|  |TAMS 0x0000000780500000, 0x0000000780500000| Untracked 
|   6|0x0000000780600000, 0x0000000780600000, 0x0000000780700000|  0%| F|  |TAMS 0x0000000780600000, 0x0000000780600000| Untracked 
|   7|0x0000000780700000, 0x0000000780700000, 0x0000000780800000|  0%| F|  |TAMS 0x0000000780700000, 0x0000000780700000| Untracked 
|   8|0x0000000780800000, 0x0000000780800000, 0x0000000780900000|  0%| F|  |TAMS 0x0000000780800000, 0x0000000780800000| Untracked 
|   9|0x0000000780900000, 0x0000000780900000, 0x0000000780a00000|  0%| F|  |TAMS 0x0000000780900000, 0x0000000780900000| Untracked 
|  10|0x0000000780a00000, 0x0000000780a00000, 0x0000000780b00000|  0%| F|  |TAMS 0x0000000780a00000, 0x0000000780a00000| Untracked 
|  11|0x0000000780b00000, 0x0000000780b00000, 0x0000000780c00000|  0%| F|  |TAMS 0x0000000780b00000, 0x0000000780b00000| Untracked 
|  12|0x0000000780c00000, 0x0000000780c00000, 0x0000000780d00000|  0%| F|  |TAMS 0x0000000780c00000, 0x0000000780c00000| Untracked 
|  13|0x0000000780d00000, 0x0000000780d00000, 0x0000000780e00000|  0%| F|  |TAMS 0x0000000780d00000, 0x0000000780d00000| Untracked 
|  14|0x0000000780e00000, 0x0000000780e00000, 0x0000000780f00000|  0%| F|  |TAMS 0x0000000780e00000, 0x0000000780e00000| Untracked 
|  15|0x0000000780f00000, 0x0000000780f00000, 0x0000000781000000|  0%| F|  |TAMS 0x0000000780f00000, 0x0000000780f00000| Untracked 
|  16|0x0000000781000000, 0x0000000781000000, 0x0000000781100000|  0%| F|  |TAMS 0x0000000781000000, 0x0000000781000000| Untracked 
|  17|0x0000000781100000, 0x0000000781100000, 0x0000000781200000|  0%| F|  |TAMS 0x0000000781100000, 0x0000000781100000| Untracked 
|  18|0x0000000781200000, 0x0000000781200000, 0x0000000781300000|  0%| F|  |TAMS 0x0000000781200000, 0x0000000781200000| Untracked 
|  19|0x0000000781300000, 0x0000000781300000, 0x0000000781400000|  0%| F|  |TAMS 0x0000000781300000, 0x0000000781300000| Untracked 
|  20|0x0000000781400000, 0x0000000781400000, 0x0000000781500000|  0%| F|  |TAMS 0x0000000781400000, 0x0000000781400000| Untracked 
|  21|0x0000000781500000, 0x0000000781500000, 0x0000000781600000|  0%| F|  |TAMS 0x0000000781500000, 0x0000000781500000| Untracked 
|  22|0x0000000781600000, 0x0000000781600000, 0x0000000781700000|  0%| F|  |TAMS 0x0000000781600000, 0x0000000781600000| Untracked 
|  23|0x0000000781700000, 0x0000000781700000, 0x0000000781800000|  0%| F|  |TAMS 0x0000000781700000, 0x0000000781700000| Untracked 
|  24|0x0000000781800000, 0x0000000781800000, 0x0000000781900000|  0%| F|  |TAMS 0x0000000781800000, 0x0000000781800000| Untracked 
|  25|0x0000000781900000, 0x0000000781900000, 0x0000000781a00000|  0%| F|  |TAMS 0x0000000781900000, 0x0000000781900000| Untracked 
|  26|0x0000000781a00000, 0x0000000781a00000, 0x0000000781b00000|  0%| F|  |TAMS 0x0000000781a00000, 0x0000000781a00000| Untracked 
|  27|0x0000000781b00000, 0x0000000781b00000, 0x0000000781c00000|  0%| F|  |TAMS 0x0000000781b00000, 0x0000000781b00000| Untracked 
|  28|0x0000000781c00000, 0x0000000781c00000, 0x0000000781d00000|  0%| F|  |TAMS 0x0000000781c00000, 0x0000000781c00000| Untracked 
|  29|0x0000000781d00000, 0x0000000781d00000, 0x0000000781e00000|  0%| F|  |TAMS 0x0000000781d00000, 0x0000000781d00000| Untracked 
|  30|0x0000000781e00000, 0x0000000781e00000, 0x0000000781f00000|  0%| F|  |TAMS 0x0000000781e00000, 0x0000000781e00000| Untracked 
|  31|0x0000000781f00000, 0x0000000781f00000, 0x0000000782000000|  0%| F|  |TAMS 0x0000000781f00000, 0x0000000781f00000| Untracked 
|  32|0x0000000782000000, 0x0000000782000000, 0x0000000782100000|  0%| F|  |TAMS 0x0000000782000000, 0x0000000782000000| Untracked 
|  33|0x0000000782100000, 0x0000000782100000, 0x0000000782200000|  0%| F|  |TAMS 0x0000000782100000, 0x0000000782100000| Untracked 
|  34|0x0000000782200000, 0x0000000782200000, 0x0000000782300000|  0%| F|  |TAMS 0x0000000782200000, 0x0000000782200000| Untracked 
|  35|0x0000000782300000, 0x0000000782300000, 0x0000000782400000|  0%| F|  |TAMS 0x0000000782300000, 0x0000000782300000| Untracked 
|  36|0x0000000782400000, 0x0000000782400000, 0x0000000782500000|  0%| F|  |TAMS 0x0000000782400000, 0x0000000782400000| Untracked 
|  37|0x0000000782500000, 0x0000000782500000, 0x0000000782600000|  0%| F|  |TAMS 0x0000000782500000, 0x0000000782500000| Untracked 
|  38|0x0000000782600000, 0x0000000782600000, 0x0000000782700000|  0%| F|  |TAMS 0x0000000782600000, 0x0000000782600000| Untracked 
|  39|0x0000000782700000, 0x0000000782700000, 0x0000000782800000|  0%| F|  |TAMS 0x0000000782700000, 0x0000000782700000| Untracked 
|  40|0x0000000782800000, 0x0000000782800000, 0x0000000782900000|  0%| F|  |TAMS 0x0000000782800000, 0x0000000782800000| Untracked 
|  41|0x0000000782900000, 0x0000000782900000, 0x0000000782a00000|  0%| F|  |TAMS 0x0000000782900000, 0x0000000782900000| Untracked 
|  42|0x0000000782a00000, 0x0000000782a00000, 0x0000000782b00000|  0%| F|  |TAMS 0x0000000782a00000, 0x0000000782a00000| Untracked 
|  43|0x0000000782b00000, 0x0000000782b00000, 0x0000000782c00000|  0%| F|  |TAMS 0x0000000782b00000, 0x0000000782b00000| Untracked 
|  44|0x0000000782c00000, 0x0000000782c00000, 0x0000000782d00000|  0%| F|  |TAMS 0x0000000782c00000, 0x0000000782c00000| Untracked 
|  45|0x0000000782d00000, 0x0000000782d00000, 0x0000000782e00000|  0%| F|  |TAMS 0x0000000782d00000, 0x0000000782d00000| Untracked 
|  46|0x0000000782e00000, 0x0000000782e00000, 0x0000000782f00000|  0%| F|  |TAMS 0x0000000782e00000, 0x0000000782e00000| Untracked 
|  47|0x0000000782f00000, 0x0000000782f00000, 0x0000000783000000|  0%| F|  |TAMS 0x0000000782f00000, 0x0000000782f00000| Untracked 
|  48|0x0000000783000000, 0x0000000783000000, 0x0000000783100000|  0%| F|  |TAMS 0x0000000783000000, 0x0000000783000000| Untracked 
|  49|0x0000000783100000, 0x0000000783100000, 0x0000000783200000|  0%| F|  |TAMS 0x0000000783100000, 0x0000000783100000| Untracked 
|  50|0x0000000783200000, 0x0000000783200000, 0x0000000783300000|  0%| F|  |TAMS 0x0000000783200000, 0x0000000783200000| Untracked 
|  51|0x0000000783300000, 0x0000000783300000, 0x0000000783400000|  0%| F|  |TAMS 0x0000000783300000, 0x0000000783300000| Untracked 
|  52|0x0000000783400000, 0x0000000783400000, 0x0000000783500000|  0%| F|  |TAMS 0x0000000783400000, 0x0000000783400000| Untracked 
|  53|0x0000000783500000, 0x0000000783500000, 0x0000000783600000|  0%| F|  |TAMS 0x0000000783500000, 0x0000000783500000| Untracked 
|  54|0x0000000783600000, 0x0000000783600000, 0x0000000783700000|  0%| F|  |TAMS 0x0000000783600000, 0x0000000783600000| Untracked 
|  55|0x0000000783700000, 0x0000000783700000, 0x0000000783800000|  0%| F|  |TAMS 0x0000000783700000, 0x0000000783700000| Untracked 
|  56|0x0000000783800000, 0x0000000783800000, 0x0000000783900000|  0%| F|  |TAMS 0x0000000783800000, 0x0000000783800000| Untracked 
|  57|0x0000000783900000, 0x0000000783900000, 0x0000000783a00000|  0%| F|  |TAMS 0x0000000783900000, 0x0000000783900000| Untracked 
|  58|0x0000000783a00000, 0x0000000783a00000, 0x0000000783b00000|  0%| F|  |TAMS 0x0000000783a00000, 0x0000000783a00000| Untracked 
|  59|0x0000000783b00000, 0x0000000783b00000, 0x0000000783c00000|  0%| F|  |TAMS 0x0000000783b00000, 0x0000000783b00000| Untracked 
|  60|0x0000000783c00000, 0x0000000783c00000, 0x0000000783d00000|  0%| F|  |TAMS 0x0000000783c00000, 0x0000000783c00000| Untracked 
|  61|0x0000000783d00000, 0x0000000783d00000, 0x0000000783e00000|  0%| F|  |TAMS 0x0000000783d00000, 0x0000000783d00000| Untracked 
|  62|0x0000000783e00000, 0x0000000783e00000, 0x0000000783f00000|  0%| F|  |TAMS 0x0000000783e00000, 0x0000000783e00000| Untracked 
|  63|0x0000000783f00000, 0x0000000783f00000, 0x0000000784000000|  0%| F|  |TAMS 0x0000000783f00000, 0x0000000783f00000| Untracked 
|  64|0x0000000784000000, 0x0000000784000000, 0x0000000784100000|  0%| F|  |TAMS 0x0000000784000000, 0x0000000784000000| Untracked 
|  65|0x0000000784100000, 0x0000000784100000, 0x0000000784200000|  0%| F|  |TAMS 0x0000000784100000, 0x0000000784100000| Untracked 
|  66|0x0000000784200000, 0x0000000784200000, 0x0000000784300000|  0%| F|  |TAMS 0x0000000784200000, 0x0000000784200000| Untracked 
|  67|0x0000000784300000, 0x0000000784300000, 0x0000000784400000|  0%| F|  |TAMS 0x0000000784300000, 0x0000000784300000| Untracked 
|  68|0x0000000784400000, 0x0000000784400000, 0x0000000784500000|  0%| F|  |TAMS 0x0000000784400000, 0x0000000784400000| Untracked 
|  69|0x0000000784500000, 0x0000000784500000, 0x0000000784600000|  0%| F|  |TAMS 0x0000000784500000, 0x0000000784500000| Untracked 
|  70|0x0000000784600000, 0x0000000784600000, 0x0000000784700000|  0%| F|  |TAMS 0x0000000784600000, 0x0000000784600000| Untracked 
|  71|0x0000000784700000, 0x0000000784700000, 0x0000000784800000|  0%| F|  |TAMS 0x0000000784700000, 0x0000000784700000| Untracked 
|  72|0x0000000784800000, 0x0000000784800000, 0x0000000784900000|  0%| F|  |TAMS 0x0000000784800000, 0x0000000784800000| Untracked 
|  73|0x0000000784900000, 0x0000000784900000, 0x0000000784a00000|  0%| F|  |TAMS 0x0000000784900000, 0x0000000784900000| Untracked 
|  74|0x0000000784a00000, 0x0000000784a00000, 0x0000000784b00000|  0%| F|  |TAMS 0x0000000784a00000, 0x0000000784a00000| Untracked 
|  75|0x0000000784b00000, 0x0000000784b00000, 0x0000000784c00000|  0%| F|  |TAMS 0x0000000784b00000, 0x0000000784b00000| Untracked 
|  76|0x0000000784c00000, 0x0000000784c00000, 0x0000000784d00000|  0%| F|  |TAMS 0x0000000784c00000, 0x0000000784c00000| Untracked 
|  77|0x0000000784d00000, 0x0000000784d00000, 0x0000000784e00000|  0%| F|  |TAMS 0x0000000784d00000, 0x0000000784d00000| Untracked 
|  78|0x0000000784e00000, 0x0000000784e00000, 0x0000000784f00000|  0%| F|  |TAMS 0x0000000784e00000, 0x0000000784e00000| Untracked 
|  79|0x0000000784f00000, 0x0000000784f00000, 0x0000000785000000|  0%| F|  |TAMS 0x0000000784f00000, 0x0000000784f00000| Untracked 
|  80|0x0000000785000000, 0x0000000785000000, 0x0000000785100000|  0%| F|  |TAMS 0x0000000785000000, 0x0000000785000000| Untracked 
|  81|0x0000000785100000, 0x0000000785100000, 0x0000000785200000|  0%| F|  |TAMS 0x0000000785100000, 0x0000000785100000| Untracked 
|  82|0x0000000785200000, 0x0000000785200000, 0x0000000785300000|  0%| F|  |TAMS 0x0000000785200000, 0x0000000785200000| Untracked 
|  83|0x0000000785300000, 0x0000000785300000, 0x0000000785400000|  0%| F|  |TAMS 0x0000000785300000, 0x0000000785300000| Untracked 
|  84|0x0000000785400000, 0x0000000785400000, 0x0000000785500000|  0%| F|  |TAMS 0x0000000785400000, 0x0000000785400000| Untracked 
|  85|0x0000000785500000, 0x0000000785500000, 0x0000000785600000|  0%| F|  |TAMS 0x0000000785500000, 0x0000000785500000| Untracked 
|  86|0x0000000785600000, 0x0000000785600000, 0x0000000785700000|  0%| F|  |TAMS 0x0000000785600000, 0x0000000785600000| Untracked 
|  87|0x0000000785700000, 0x0000000785700000, 0x0000000785800000|  0%| F|  |TAMS 0x0000000785700000, 0x0000000785700000| Untracked 
|  88|0x0000000785800000, 0x0000000785800000, 0x0000000785900000|  0%| F|  |TAMS 0x0000000785800000, 0x0000000785800000| Untracked 
|  89|0x0000000785900000, 0x0000000785900000, 0x0000000785a00000|  0%| F|  |TAMS 0x0000000785900000, 0x0000000785900000| Untracked 
|  90|0x0000000785a00000, 0x0000000785a00000, 0x0000000785b00000|  0%| F|  |TAMS 0x0000000785a00000, 0x0000000785a00000| Untracked 
|  91|0x0000000785b00000, 0x0000000785b00000, 0x0000000785c00000|  0%| F|  |TAMS 0x0000000785b00000, 0x0000000785b00000| Untracked 
|  92|0x0000000785c00000, 0x0000000785c00000, 0x0000000785d00000|  0%| F|  |TAMS 0x0000000785c00000, 0x0000000785c00000| Untracked 
|  93|0x0000000785d00000, 0x0000000785d00000, 0x0000000785e00000|  0%| F|  |TAMS 0x0000000785d00000, 0x0000000785d00000| Untracked 
|  94|0x0000000785e00000, 0x0000000785e00000, 0x0000000785f00000|  0%| F|  |TAMS 0x0000000785e00000, 0x0000000785e00000| Untracked 
|  95|0x0000000785f00000, 0x0000000785f00000, 0x0000000786000000|  0%| F|  |TAMS 0x0000000785f00000, 0x0000000785f00000| Untracked 
|  96|0x0000000786000000, 0x0000000786000000, 0x0000000786100000|  0%| F|  |TAMS 0x0000000786000000, 0x0000000786000000| Untracked 
|  97|0x0000000786100000, 0x0000000786100000, 0x0000000786200000|  0%| F|  |TAMS 0x0000000786100000, 0x0000000786100000| Untracked 
|  98|0x0000000786200000, 0x0000000786200000, 0x0000000786300000|  0%| F|  |TAMS 0x0000000786200000, 0x0000000786200000| Untracked 
|  99|0x0000000786300000, 0x0000000786300000, 0x0000000786400000|  0%| F|  |TAMS 0x0000000786300000, 0x0000000786300000| Untracked 
| 100|0x0000000786400000, 0x0000000786400000, 0x0000000786500000|  0%| F|  |TAMS 0x0000000786400000, 0x0000000786400000| Untracked 
| 101|0x0000000786500000, 0x0000000786500000, 0x0000000786600000|  0%| F|  |TAMS 0x0000000786500000, 0x0000000786500000| Untracked 
| 102|0x0000000786600000, 0x0000000786600000, 0x0000000786700000|  0%| F|  |TAMS 0x0000000786600000, 0x0000000786600000| Untracked 
| 103|0x0000000786700000, 0x0000000786700000, 0x0000000786800000|  0%| F|  |TAMS 0x0000000786700000, 0x0000000786700000| Untracked 
| 104|0x0000000786800000, 0x0000000786800000, 0x0000000786900000|  0%| F|  |TAMS 0x0000000786800000, 0x0000000786800000| Untracked 
| 105|0x0000000786900000, 0x0000000786900000, 0x0000000786a00000|  0%| F|  |TAMS 0x0000000786900000, 0x0000000786900000| Untracked 
| 106|0x0000000786a00000, 0x0000000786a00000, 0x0000000786b00000|  0%| F|  |TAMS 0x0000000786a00000, 0x0000000786a00000| Untracked 
| 107|0x0000000786b00000, 0x0000000786b00000, 0x0000000786c00000|  0%| F|  |TAMS 0x0000000786b00000, 0x0000000786b00000| Untracked 
| 108|0x0000000786c00000, 0x0000000786c00000, 0x0000000786d00000|  0%| F|  |TAMS 0x0000000786c00000, 0x0000000786c00000| Untracked 
| 109|0x0000000786d00000, 0x0000000786d00000, 0x0000000786e00000|  0%| F|  |TAMS 0x0000000786d00000, 0x0000000786d00000| Untracked 
| 110|0x0000000786e00000, 0x0000000786e00000, 0x0000000786f00000|  0%| F|  |TAMS 0x0000000786e00000, 0x0000000786e00000| Untracked 
| 111|0x0000000786f00000, 0x0000000786f00000, 0x0000000787000000|  0%| F|  |TAMS 0x0000000786f00000, 0x0000000786f00000| Untracked 
| 112|0x0000000787000000, 0x0000000787000000, 0x0000000787100000|  0%| F|  |TAMS 0x0000000787000000, 0x0000000787000000| Untracked 
| 113|0x0000000787100000, 0x0000000787100000, 0x0000000787200000|  0%| F|  |TAMS 0x0000000787100000, 0x0000000787100000| Untracked 
| 114|0x0000000787200000, 0x0000000787200000, 0x0000000787300000|  0%| F|  |TAMS 0x0000000787200000, 0x0000000787200000| Untracked 
| 115|0x0000000787300000, 0x0000000787300000, 0x0000000787400000|  0%| F|  |TAMS 0x0000000787300000, 0x0000000787300000| Untracked 
| 116|0x0000000787400000, 0x0000000787400000, 0x0000000787500000|  0%| F|  |TAMS 0x0000000787400000, 0x0000000787400000| Untracked 
| 117|0x0000000787500000, 0x0000000787500000, 0x0000000787600000|  0%| F|  |TAMS 0x0000000787500000, 0x0000000787500000| Untracked 
| 118|0x0000000787600000, 0x0000000787600000, 0x0000000787700000|  0%| F|  |TAMS 0x0000000787600000, 0x0000000787600000| Untracked 
| 119|0x0000000787700000, 0x0000000787700000, 0x0000000787800000|  0%| F|  |TAMS 0x0000000787700000, 0x0000000787700000| Untracked 
| 120|0x0000000787800000, 0x0000000787800000, 0x0000000787900000|  0%| F|  |TAMS 0x0000000787800000, 0x0000000787800000| Untracked 
| 121|0x0000000787900000, 0x0000000787976440, 0x0000000787a00000| 46%| E|  |TAMS 0x0000000787900000, 0x0000000787900000| Complete 
| 122|0x0000000787a00000, 0x0000000787b00000, 0x0000000787b00000|100%| E|CS|TAMS 0x0000000787a00000, 0x0000000787a00000| Complete 
| 123|0x0000000787b00000, 0x0000000787c00000, 0x0000000787c00000|100%| E|CS|TAMS 0x0000000787b00000, 0x0000000787b00000| Complete 
| 124|0x0000000787c00000, 0x0000000787d00000, 0x0000000787d00000|100%| E|CS|TAMS 0x0000000787c00000, 0x0000000787c00000| Complete 
| 125|0x0000000787d00000, 0x0000000787e00000, 0x0000000787e00000|100%| E|CS|TAMS 0x0000000787d00000, 0x0000000787d00000| Complete 
| 126|0x0000000787e00000, 0x0000000787f00000, 0x0000000787f00000|100%| E|CS|TAMS 0x0000000787e00000, 0x0000000787e00000| Complete 
| 127|0x0000000787f00000, 0x0000000788000000, 0x0000000788000000|100%| E|CS|TAMS 0x0000000787f00000, 0x0000000787f00000| Complete 
|1022|0x00000007bfe00000, 0x00000007bfe51000, 0x00000007bff00000| 31%|OA|  |TAMS 0x00000007bfe00000, 0x00000007bfe00000| Untracked 
|1023|0x00000007bff00000, 0x00000007bff79000, 0x00000007c0000000| 47%|CA|  |TAMS 0x00000007bff00000, 0x00000007bff00000| Untracked 

Card table byte_map: [0x000000012c7f7000,0x000000012cbf7000] _byte_map_base: 0x0000000128bf7000

Marking Bits (Prev, Next): (CMBitMap*) 0x00007fa13b808e10, (CMBitMap*) 0x00007fa13b808e50
 Prev Bits: [0x000000012cff7000, 0x000000012eff7000)
 Next Bits: [0x000000012eff7000, 0x0000000130ff7000)

Polling page: 0x000000010ff4d000

Metaspace:

Usage:
  Non-class:      5.06 MB capacity,     3.28 MB ( 65%) used,     1.78 MB ( 35%) free+waste,     5.50 KB ( <1%) overhead. 
      Class:    488.00 KB capacity,   307.34 KB ( 63%) used,   178.29 KB ( 37%) free+waste,     2.38 KB ( <1%) overhead. 
       Both:      5.54 MB capacity,     3.58 MB ( 65%) used,     1.95 MB ( 35%) free+waste,     7.88 KB ( <1%) overhead. 

Virtual space:
  Non-class space:        8.00 MB reserved,       5.25 MB ( 66%) committed 
      Class space:        1.00 GB reserved,     512.00 KB ( <1%) committed 
             Both:        1.01 GB reserved,       5.75 MB ( <1%) committed 

Chunk freelists:
   Non-Class:  147.00 KB
       Class:  8.00 KB
        Both:  155.00 KB

MaxMetaspaceSize: 17179869184.00 GB
CompressedClassSpaceSize: 1.00 GB

CodeHeap 'non-profiled nmethods': size=120028Kb used=181Kb max_used=181Kb free=119846Kb
 bounds [0x00000001252c0000, 0x0000000125530000, 0x000000012c7f7000]
CodeHeap 'profiled nmethods': size=120028Kb used=783Kb max_used=783Kb free=119245Kb
 bounds [0x000000011dd89000, 0x000000011dff9000, 0x00000001252c0000]
CodeHeap 'non-nmethods': size=5704Kb used=1192Kb max_used=1206Kb free=4511Kb
 bounds [0x000000011d7f7000, 0x000000011da67000, 0x000000011dd89000]
 total_blobs=1047 nmethods=587 adapters=374
 compilation: enabled
              stopped_count=0, restarted_count=0
 full_count=0

Compilation events (20 events):
Event: 0.408 Thread 0x00007fa13a00b400  535       3       java.util.jar.JarFile::getEntry (35 bytes)
Event: 0.408 Thread 0x00007fa13a00b400 nmethod 535 0x000000011de38010 code [0x000000011de38200, 0x000000011de38670]
Event: 0.408 Thread 0x00007fa13a00b400  536       3       java.util.jar.JarFile::getJarEntry (9 bytes)
Event: 0.408 Thread 0x00007fa13a00b400 nmethod 536 0x000000011de38810 code [0x000000011de389c0, 0x000000011de38c80]
Event: 0.409 Thread 0x00007fa13b03ae00  537       4       java.lang.StringLatin1::indexOf (121 bytes)
Event: 0.409 Thread 0x00007fa13a00b400  538       3       java.io.InputStream::<init> (5 bytes)
Event: 0.410 Thread 0x00007fa13a00b400 nmethod 538 0x000000011de38d10 code [0x000000011de38ea0, 0x000000011de38ff0]
Event: 0.420 Thread 0x00007fa13b03ae00 nmethod 537 0x00000001252eab10 code [0x00000001252eaca0, 0x00000001252eb1d8]
Event: 0.420 Thread 0x00007fa13b03ae00  539       4       jdk.internal.misc.Unsafe::putReferenceRelease (9 bytes)
Event: 0.422 Thread 0x00007fa13b03ae00 nmethod 539 0x00000001252eb490 code [0x00000001252eb600, 0x00000001252eb758]
Event: 0.448 Thread 0x00007fa13a00b400  541       3       java.lang.StringLatin1::toLowerCase (186 bytes)
Event: 0.449 Thread 0x00007fa13a00b400 nmethod 541 0x000000011de39090 code [0x000000011de39300, 0x000000011de39df0]
Event: 0.449 Thread 0x00007fa13a00b400  542   !   3       jdk.internal.loader.URLClassPath$JarLoader::getResource (65 bytes)
Event: 0.450 Thread 0x00007fa13a00b400 nmethod 542 0x000000011de3a210 code [0x000000011de3a460, 0x000000011de3aea0]
Event: 0.450 Thread 0x00007fa13a00b400  543   !   3       jdk.internal.loader.URLClassPath$JarLoader::ensureOpen (36 bytes)
Event: 0.450 Thread 0x00007fa13a00b400 nmethod 543 0x000000011de3b210 code [0x000000011de3b3e0, 0x000000011de3b8d0]
Event: 0.450 Thread 0x00007fa13a00b400  540       3       java.lang.String::toLowerCase (29 bytes)
Event: 0.450 Thread 0x00007fa13a00b400 nmethod 540 0x000000011de3ba90 code [0x000000011de3bc40, 0x000000011de3bed0]
Event: 0.453 Thread 0x00007fa13a00b400  544       3       java.nio.ByteBuffer::<init> (47 bytes)
Event: 0.453 Thread 0x00007fa13a00b400 nmethod 544 0x000000011de3bf90 code [0x000000011de3c140, 0x000000011de3c360]

GC Heap History (0 events):
No events

Deoptimization events (2 events):
Event: 0.409 Thread 0x00007fa13c008a00 DEOPT PACKING pc=0x000000011ddc2368 sp=0x000070000a8585d0
Event: 0.409 Thread 0x00007fa13c008a00 DEOPT UNPACKING pc=0x000000011d844f2b sp=0x000070000a857a40 mode 0

Classes unloaded (0 events):
No events

Classes redefined (0 events):
No events

Internal exceptions (8 events):
Event: 0.098 Thread 0x00007fa13b009600 Exception <a 'java/lang/NoSuchMethodError'{0x0000000787eff408}: 'java.lang.Object java.lang.invoke.DirectMethodHandle$Holder.invokeStatic(java.lang.Object)'> (0x0000000787eff408) 
thrown [./open/src/hotspot/share/interpreter/linkResolver.cpp, line 782]
Event: 0.098 Thread 0x00007fa13b009600 Exception <a 'java/lang/NoSuchMethodError'{0x0000000787d030b8}: 'java.lang.Object java.lang.invoke.DirectMethodHandle$Holder.invokeStaticInit(java.lang.Object)'> (0x0000000787d030b8) 
thrown [./open/src/hotspot/share/interpreter/linkResolver.cpp, line 782]
Event: 0.111 Thread 0x00007fa13b009600 Exception <a 'java/lang/NoSuchMethodError'{0x0000000787d11070}: 'void java.lang.invoke.DirectMethodHandle$Holder.invokeStatic(java.lang.Object, java.lang.Object)'> (0x0000000787d11070) 
thrown [./open/src/hotspot/share/interpreter/linkResolver.cpp, line 782]
Event: 0.117 Thread 0x00007fa13c008a00 Exception <a 'java/lang/ClassNotFoundException'{0x0000000787dee7a0}: sun/awt/resources/spi/awtProvider> (0x0000000787dee7a0) 
thrown [./open/src/hotspot/share/classfile/systemDictionary.cpp, line 295]
Event: 0.135 Thread 0x00007fa13c008a00 Exception <a 'java/io/FileNotFoundException'{0x0000000787c44510}> (0x0000000787c44510) 
thrown [./open/src/hotspot/share/prims/jni.cpp, line 578]
Event: 0.141 Thread 0x00007fa13c008a00 Exception <a 'java/io/FileNotFoundException'{0x0000000787c72c90}> (0x0000000787c72c90) 
thrown [./open/src/hotspot/share/prims/jni.cpp, line 578]
Event: 0.144 Thread 0x00007fa13c008a00 Exception <a 'java/lang/ClassNotFoundException'{0x0000000787c76d30}: sun/awt/resources/spi/awtosxProvider> (0x0000000787c76d30) 
thrown [./open/src/hotspot/share/classfile/systemDictionary.cpp, line 295]
Event: 0.148 Thread 0x00007fa13c008a00 Exception <a 'java/lang/NoSuchMethodError'{0x0000000787c7d210}: 'void java.lang.invoke.DirectMethodHandle$Holder.invokeSpecial(java.lang.Object, java.lang.Object, java.lang.Object)'> (0x0000000787c7d210) 
thrown [./open/src/hotspot/share/interpreter/linkResolver.cpp, line 782]

Events (20 events):
Event: 0.394 loading class java/awt/Image
Event: 0.394 loading class java/awt/Image done
Event: 0.394 loading class java/awt/image/BufferedImage
Event: 0.394 loading class java/awt/image/WritableRenderedImage
Event: 0.394 loading class java/awt/image/RenderedImage
Event: 0.394 loading class java/awt/image/RenderedImage done
Event: 0.394 loading class java/awt/image/WritableRenderedImage done
Event: 0.394 loading class java/awt/Transparency
Event: 0.394 loading class java/awt/Transparency done
Event: 0.394 loading class java/awt/image/BufferedImage done
Event: 0.404 loading class jdk/internal/reflect/UnsafeQualifiedStaticIntegerFieldAccessorImpl
Event: 0.404 loading class jdk/internal/reflect/UnsafeQualifiedStaticIntegerFieldAccessorImpl done
Event: 0.410 loading class java/lang/NumberFormatException
Event: 0.410 loading class java/lang/NumberFormatException done
Event: 0.448 loading class java/nio/DirectFloatBufferU
Event: 0.448 loading class java/nio/DirectFloatBufferU done
Event: 0.448 loading class java/nio/DirectDoubleBufferU
Event: 0.448 loading class java/nio/DirectDoubleBufferU done
Event: 0.450 loading class sun/nio/cs/ISO_8859_1$Encoder
Event: 0.450 loading class sun/nio/cs/ISO_8859_1$Encoder done


Dynamic libraries:
0x00007fff2a490000 	/usr/lib/libz.1.dylib
0x000000010ff17000 	/Users/laurynjefferson/Library/Java/JavaVirtualMachines/openjdk-15.0.1/Contents/Home/lib/libjli.dylib
0x00007fff34fce000 	/System/Library/Frameworks/Cocoa.framework/Versions/A/Cocoa
0x00007fff2220b000 	/System/Library/Frameworks/Security.framework/Versions/A/Security
0x00007fff331cd000 	/System/Library/Frameworks/ApplicationServices.framework/Versions/A/ApplicationServices
0x00007fff2a558000 	/usr/lib/libSystem.B.dylib
0x00007fff2a552000 	/usr/lib/system/libcache.dylib
0x00007fff2a50e000 	/usr/lib/system/libcommonCrypto.dylib
0x00007fff2a538000 	/usr/lib/system/libcompiler_rt.dylib
0x00007fff2a52d000 	/usr/lib/system/libcopyfile.dylib
0x00007fff200e2000 	/usr/lib/system/libcorecrypto.dylib
0x00007fff201ae000 	/usr/lib/system/libdispatch.dylib
0x00007fff20362000 	/usr/lib/system/libdyld.dylib
0x00007fff2a549000 	/usr/lib/system/libkeymgr.dylib
0x00007fff2d98b000 	/usr/lib/system/liblaunch.dylib
0x00007fff2a4ec000 	/usr/lib/system/libmacho.dylib
0x00007fff29d07000 	/usr/lib/system/libquarantine.dylib
0x00007fff2a546000 	/usr/lib/system/libremovefile.dylib
0x00007fff24ba0000 	/usr/lib/system/libsystem_asl.dylib
0x00007fff20092000 	/usr/lib/system/libsystem_blocks.dylib
0x00007fff2022f000 	/usr/lib/system/libsystem_c.dylib
0x00007fff2a540000 	/usr/lib/system/libsystem_collections.dylib
0x00007fff28ffc000 	/usr/lib/system/libsystem_configuration.dylib
0x00007fff282f0000 	/usr/lib/system/libsystem_containermanager.dylib
0x00007fff2a288000 	/usr/lib/system/libsystem_coreservices.dylib
0x00007fff227bf000 	/usr/lib/system/libsystem_darwin.dylib
0x00007fff2a54a000 	/usr/lib/system/libsystem_dnssd.dylib
0x00007fff2022c000 	/usr/lib/system/libsystem_featureflags.dylib
0x00007fff203a7000 	/usr/lib/system/libsystem_info.dylib
0x00007fff2a4a3000 	/usr/lib/system/libsystem_m.dylib
0x00007fff20181000 	/usr/lib/system/libsystem_malloc.dylib
0x00007fff24b34000 	/usr/lib/system/libsystem_networkextension.dylib
0x00007fff22bd9000 	/usr/lib/system/libsystem_notify.dylib
0x00007fff2fe38000 	/usr/lib/system/libsystem_product_info_filter.dylib
0x00007fff29000000 	/usr/lib/system/libsystem_sandbox.dylib
0x00007fff2a543000 	/usr/lib/system/libsystem_secinit.dylib
0x00007fff20327000 	/usr/lib/system/libsystem_kernel.dylib
0x00007fff2039d000 	/usr/lib/system/libsystem_platform.dylib
0x00007fff20356000 	/usr/lib/system/libsystem_pthread.dylib
0x00007fff2629e000 	/usr/lib/system/libsystem_symptoms.dylib
0x00007fff200ca000 	/usr/lib/system/libsystem_trace.dylib
0x00007fff2a51a000 	/usr/lib/system/libunwind.dylib
0x00007fff20094000 	/usr/lib/system/libxpc.dylib
0x00007fff2030e000 	/usr/lib/libc++abi.dylib
0x00007fff201f3000 	/usr/lib/libobjc.A.dylib
0x00007fff2a525000 	/usr/lib/liboah.dylib
0x00007fff202b8000 	/usr/lib/libc++.1.dylib
0x00007fff203d3000 	/System/Library/Frameworks/CoreFoundation.framework/Versions/A/CoreFoundation
0x00007fff21180000 	/System/Library/Frameworks/Foundation.framework/Versions/C/Foundation
0x00007fff22c31000 	/System/Library/Frameworks/AppKit.framework/Versions/C/AppKit
0x00007fff25ac7000 	/System/Library/Frameworks/CoreData.framework/Versions/A/CoreData
0x00007fff23994000 	/System/Library/PrivateFrameworks/UIFoundation.framework/Versions/A/UIFoundation
0x00007fff2fbb1000 	/System/Library/PrivateFrameworks/RemoteViewServices.framework/Versions/A/RemoteViewServices
0x00007fff289ba000 	/System/Library/PrivateFrameworks/XCTTargetBootstrap.framework/Versions/A/XCTTargetBootstrap
0x00007fff2b697000 	/usr/lib/libspindump.dylib
0x00007fff23be8000 	/System/Library/Frameworks/UniformTypeIdentifiers.framework/Versions/A/UniformTypeIdentifiers
0x00007fff27191000 	/usr/lib/libapp_launch_measurement.dylib
0x00007fff27194000 	/System/Library/PrivateFrameworks/CoreAutoLayout.framework/Versions/A/CoreAutoLayout
0x00007fff2831c000 	/System/Library/Frameworks/Metal.framework/Versions/A/Metal
0x00007fff2900b000 	/usr/lib/liblangid.dylib
0x00007fff289be000 	/System/Library/PrivateFrameworks/CoreSVG.framework/Versions/A/CoreSVG
0x00007fff24bcf000 	/System/Library/PrivateFrameworks/SkyLight.framework/Versions/A/SkyLight
0x00007fff24f35000 	/System/Library/Frameworks/CoreGraphics.framework/Versions/A/CoreGraphics
0x00007fff30208000 	/System/Library/Frameworks/Accelerate.framework/Versions/A/Accelerate
0x00007fff2b0d2000 	/System/Library/PrivateFrameworks/IconServices.framework/Versions/A/IconServices
0x00007fff28301000 	/System/Library/Frameworks/IOSurface.framework/Versions/A/IOSurface
0x00007fff26450000 	/usr/lib/libDiagnosticMessagesClient.dylib
0x00007fff289a6000 	/System/Library/PrivateFrameworks/DFRFoundation.framework/Versions/A/DFRFoundation
0x00007fff2255d000 	/usr/lib/libicucore.A.dylib
0x00007fff2cbd9000 	/System/Library/Frameworks/AudioToolbox.framework/Versions/A/AudioToolbox
0x00007fff2be7f000 	/System/Library/PrivateFrameworks/DataDetectorsCore.framework/Versions/A/DataDetectorsCore
0x00007fff286a6000 	/System/Library/Frameworks/Carbon.framework/Versions/A/Frameworks/HIToolbox.framework/Versions/A/HIToolbox
0x00007fff26be9000 	/System/Library/Frameworks/QuartzCore.framework/Versions/A/QuartzCore
0x00007fff2fbed000 	/System/Library/Frameworks/Carbon.framework/Versions/A/Frameworks/SpeechRecognition.framework/Versions/A/SpeechRecognition
0x00007fff26ef9000 	/System/Library/PrivateFrameworks/CoreUI.framework/Versions/A/CoreUI
0x00007fff21b67000 	/System/Library/Frameworks/CoreAudio.framework/Versions/A/CoreAudio
0x00007fff2653b000 	/System/Library/Frameworks/DiskArbitration.framework/Versions/A/DiskArbitration
0x00007fff2ba92000 	/System/Library/PrivateFrameworks/MultitouchSupport.framework/Versions/A/MultitouchSupport
0x00007fff2be76000 	/System/Library/PrivateFrameworks/InternationalSupport.framework/Versions/A/InternationalSupport
0x00007fff24b43000 	/usr/lib/libenergytrace.dylib
0x00007fff22b2b000 	/System/Library/Frameworks/IOKit.framework/Versions/A/IOKit
0x00007fff2ff3a000 	/System/Library/Frameworks/CoreServices.framework/Versions/A/CoreServices
0x00007fff27127000 	/System/Library/PrivateFrameworks/PerformanceAnalysis.framework/Versions/A/PerformanceAnalysis
0x00007fff6c837000 	/System/Library/Frameworks/OpenGL.framework/Versions/A/OpenGL
0x00007fff2befb000 	/System/Library/PrivateFrameworks/UserActivity.framework/Versions/A/UserActivity
0x00007fff255c9000 	/System/Library/Frameworks/ColorSync.framework/Versions/A/ColorSync
0x00007fff28c22000 	/System/Library/Frameworks/CoreImage.framework/Versions/A/CoreImage
0x00007fff2197e000 	/System/Library/Frameworks/CoreText.framework/Versions/A/CoreText
0x00007fff289e8000 	/System/Library/Frameworks/ImageIO.framework/Versions/A/ImageIO
0x00007fff2a55e000 	/System/Library/PrivateFrameworks/SoftLinking.framework/Versions/A/SoftLinking
0x00007fff271dd000 	/usr/lib/libxml2.2.dylib
0x00007fff2a7d0000 	/usr/lib/libcompression.dylib
0x00007fff24b44000 	/usr/lib/libMobileGestalt.dylib
0x00007fff2bda9000 	/System/Library/PrivateFrameworks/TextureIO.framework/Versions/A/TextureIO
0x00007fff2adf5000 	/usr/lib/libate.dylib
0x00007fff2abdb000 	/usr/lib/liblzma.5.dylib
0x00007fff20e94000 	/System/Library/Frameworks/SystemConfiguration.framework/Versions/A/SystemConfiguration
0x00007fff2a55a000 	/usr/lib/libfakelink.dylib
0x00007fff24696000 	/System/Library/Frameworks/CFNetwork.framework/Versions/A/CFNetwork
0x00007fff2a69a000 	/usr/lib/libarchive.2.dylib
0x00007fff20f12000 	/usr/lib/libCRFSuite.dylib
0x00007fff29d2e000 	/usr/lib/libbsm.0.dylib
0x00007fff24052000 	/usr/lib/libnetwork.dylib
0x00007fff2a55f000 	/usr/lib/libpcap.A.dylib
0x00007fff26297000 	/usr/lib/libdns_services.dylib
0x00007fff2abf4000 	/usr/lib/libcoretls_cfhelpers.dylib
0x00007fff2a79e000 	/usr/lib/libapple_nghttp2.dylib
0x00007fff2a4f2000 	/usr/lib/system/libkxld.dylib
0x00007fff25efd000 	/usr/lib/libsqlite3.dylib
0x00007fff2a26a000 	/System/Library/PrivateFrameworks/AppleFSCompression.framework/Versions/A/AppleFSCompression
0x00007fff29d16000 	/usr/lib/libcoretls.dylib
0x00007fff2a7cb000 	/usr/lib/libpam.2.dylib
0x00007fff2acf0000 	/usr/lib/libxar.1.dylib
0x00007fff29007000 	/System/Library/PrivateFrameworks/AppleSystemInfo.framework/Versions/A/AppleSystemInfo
0x00007fff29959000 	/System/Library/PrivateFrameworks/IOMobileFramebuffer.framework/Versions/A/IOMobileFramebuffer
0x00007fff2a27a000 	/usr/lib/libbz2.1.0.dylib
0x00007fff2a597000 	/usr/lib/libiconv.2.dylib
0x00007fff2a4eb000 	/usr/lib/libcharset.1.dylib
0x00007fff27163000 	/System/Library/Frameworks/CoreServices.framework/Versions/A/Frameworks/FSEvents.framework/Versions/A/FSEvents
0x00007fff227c9000 	/System/Library/Frameworks/CoreServices.framework/Versions/A/Frameworks/CarbonCore.framework/Versions/A/CarbonCore
0x00007fff264a0000 	/System/Library/Frameworks/CoreServices.framework/Versions/A/Frameworks/Metadata.framework/Versions/A/Metadata
0x00007fff2a28d000 	/System/Library/Frameworks/CoreServices.framework/Versions/A/Frameworks/OSServices.framework/Versions/A/OSServices
0x00007fff2a70c000 	/System/Library/Frameworks/CoreServices.framework/Versions/A/Frameworks/SearchKit.framework/Versions/A/SearchKit
0x00007fff26221000 	/System/Library/Frameworks/CoreServices.framework/Versions/A/Frameworks/AE.framework/Versions/A/AE
0x00007fff2086f000 	/System/Library/Frameworks/CoreServices.framework/Versions/A/Frameworks/LaunchServices.framework/Versions/A/LaunchServices
0x00007fff2ab8c000 	/System/Library/Frameworks/CoreServices.framework/Versions/A/Frameworks/DictionaryServices.framework/Versions/A/DictionaryServices
0x00007fff2716c000 	/System/Library/Frameworks/CoreServices.framework/Versions/A/Frameworks/SharedFileList.framework/Versions/A/SharedFileList
0x00007fff29d0a000 	/usr/lib/libCheckFix.dylib
0x00007fff24bb7000 	/System/Library/PrivateFrameworks/TCC.framework/Versions/A/TCC
0x00007fff2900d000 	/System/Library/PrivateFrameworks/CoreNLP.framework/Versions/A/CoreNLP
0x00007fff26453000 	/System/Library/PrivateFrameworks/MetadataUtilities.framework/Versions/A/MetadataUtilities
0x00007fff20f48000 	/usr/lib/libmecabra.dylib
0x00007fff2a01d000 	/System/Library/Frameworks/MLCompute.framework/Versions/A/MLCompute
0x00007fff29d3f000 	/usr/lib/libmecab.dylib
0x00007fff29d89000 	/usr/lib/libgermantok.dylib
0x00007fff2a774000 	/usr/lib/libThaiTokenizer.dylib
0x00007fff2ad2b000 	/usr/lib/libChineseTokenizer.dylib
0x00007fff2a7c9000 	/System/Library/Frameworks/MetalPerformanceShaders.framework/Versions/A/MetalPerformanceShaders
0x00007fff26542000 	/System/Library/Frameworks/Accelerate.framework/Versions/A/Frameworks/vImage.framework/Versions/A/vImage
0x00007fff2ff13000 	/System/Library/Frameworks/Accelerate.framework/Versions/A/Frameworks/vecLib.framework/Versions/A/vecLib
0x00007fff2ad36000 	/System/Library/Frameworks/Accelerate.framework/Versions/A/Frameworks/vecLib.framework/Versions/A/libvMisc.dylib
0x00007fff29772000 	/System/Library/Frameworks/Accelerate.framework/Versions/A/Frameworks/vecLib.framework/Versions/A/libvDSP.dylib
0x00007fff20b73000 	/System/Library/Frameworks/Accelerate.framework/Versions/A/Frameworks/vecLib.framework/Versions/A/libBLAS.dylib
0x00007fff2a7ef000 	/System/Library/Frameworks/Accelerate.framework/Versions/A/Frameworks/vecLib.framework/Versions/A/libLAPACK.dylib
0x00007fff29d8f000 	/System/Library/Frameworks/Accelerate.framework/Versions/A/Frameworks/vecLib.framework/Versions/A/libLinearAlgebra.dylib
0x00007fff2a7b6000 	/System/Library/Frameworks/Accelerate.framework/Versions/A/Frameworks/vecLib.framework/Versions/A/libSparseBLAS.dylib
0x00007fff2a7e9000 	/System/Library/Frameworks/Accelerate.framework/Versions/A/Frameworks/vecLib.framework/Versions/A/libQuadrature.dylib
0x00007fff290b5000 	/System/Library/Frameworks/Accelerate.framework/Versions/A/Frameworks/vecLib.framework/Versions/A/libBNNS.dylib
0x00007fff20e25000 	/System/Library/Frameworks/Accelerate.framework/Versions/A/Frameworks/vecLib.framework/Versions/A/libSparse.dylib
0x00007fff28fa0000 	/System/Library/Frameworks/MetalPerformanceShaders.framework/Versions/A/Frameworks/MPSCore.framework/Versions/A/MPSCore
0x00007fff2a1d9000 	/System/Library/Frameworks/MetalPerformanceShaders.framework/Versions/A/Frameworks/MPSImage.framework/Versions/A/MPSImage
0x00007fff29da5000 	/System/Library/Frameworks/MetalPerformanceShaders.framework/Versions/A/Frameworks/MPSNeuralNetwork.framework/Versions/A/MPSNeuralNetwork
0x00007fff2a164000 	/System/Library/Frameworks/MetalPerformanceShaders.framework/Versions/A/Frameworks/MPSMatrix.framework/Versions/A/MPSMatrix
0x00007fff29fcd000 	/System/Library/Frameworks/MetalPerformanceShaders.framework/Versions/A/Frameworks/MPSRayIntersector.framework/Versions/A/MPSRayIntersector
0x00007fff2a19b000 	/System/Library/Frameworks/MetalPerformanceShaders.framework/Versions/A/Frameworks/MPSNDArray.framework/Versions/A/MPSNDArray
0x00007fff20a9f000 	/System/Library/PrivateFrameworks/MetalTools.framework/Versions/A/MetalTools
0x00007fff29005000 	/System/Library/PrivateFrameworks/AggregateDictionary.framework/Versions/A/AggregateDictionary
0x00007fff2642b000 	/System/Library/PrivateFrameworks/CoreAnalytics.framework/Versions/A/CoreAnalytics
0x00007fff2a776000 	/System/Library/PrivateFrameworks/AppleSauce.framework/Versions/A/AppleSauce
0x00007fff28313000 	/System/Library/PrivateFrameworks/IOAccelerator.framework/Versions/A/IOAccelerator
0x00007fff6c82b000 	/System/Library/Frameworks/OpenGL.framework/Versions/A/Libraries/libCoreFSCache.dylib
0x00007fff214e4000 	/System/Library/PrivateFrameworks/LanguageModeling.framework/Versions/A/LanguageModeling
0x00007fff29946000 	/System/Library/PrivateFrameworks/CoreEmoji.framework/Versions/A/CoreEmoji
0x00007fff290ae000 	/System/Library/PrivateFrameworks/LinguisticData.framework/Versions/A/LinguisticData
0x00007fff20dd7000 	/System/Library/PrivateFrameworks/Lexicon.framework/Versions/A/Lexicon
0x00007fff2a688000 	/usr/lib/libcmph.dylib
0x00007fff27143000 	/System/Library/Frameworks/OpenDirectory.framework/Versions/A/Frameworks/CFOpenDirectory.framework/Versions/A/CFOpenDirectory
0x00007fff27133000 	/System/Library/Frameworks/OpenDirectory.framework/Versions/A/OpenDirectory
0x00007fff2abf6000 	/System/Library/PrivateFrameworks/APFS.framework/Versions/A/APFS
0x00007fff29c6b000 	/System/Library/Frameworks/SecurityFoundation.framework/Versions/A/SecurityFoundation
0x00007fff2acfe000 	/usr/lib/libutil.dylib
0x00007fff22af0000 	/System/Library/PrivateFrameworks/CoreServicesStore.framework/Versions/A/CoreServicesStore
0x00007fff29d02000 	/System/Library/Frameworks/ServiceManagement.framework/Versions/A/ServiceManagement
0x00007fff2ad02000 	/usr/lib/libxslt.1.dylib
0x00007fff29cf8000 	/System/Library/PrivateFrameworks/BackgroundTaskManagement.framework/Versions/A/BackgroundTaskManagement
0x00007fff2bcf3000 	/System/Library/Frameworks/ImageIO.framework/Versions/A/Resources/libRadiance.dylib
0x00007fff2bcfd000 	/System/Library/Frameworks/ImageIO.framework/Versions/A/Resources/libJPEG.dylib
0x00007fff2bc4c000 	/System/Library/Frameworks/ImageIO.framework/Versions/A/Resources/libPng.dylib
0x00007fff2bc73000 	/System/Library/Frameworks/ImageIO.framework/Versions/A/Resources/libTIFF.dylib
0x00007fff2bd52000 	/System/Library/Frameworks/ImageIO.framework/Versions/A/Resources/libGIF.dylib
0x00007fff2b9af000 	/System/Library/Frameworks/ImageIO.framework/Versions/A/Resources/libJP2.dylib
0x00007fff2b099000 	/usr/lib/libexpat.1.dylib
0x00007fff2b964000 	/System/Library/PrivateFrameworks/AppleJPEG.framework/Versions/A/AppleJPEG
0x00007fff28549000 	/System/Library/PrivateFrameworks/FontServices.framework/libFontParser.dylib
0x00007fff261d5000 	/System/Library/PrivateFrameworks/RunningBoardServices.framework/Versions/A/RunningBoardServices
0x00007fff2ba8e000 	/System/Library/PrivateFrameworks/WatchdogClient.framework/Versions/A/WatchdogClient
0x00007fff215d1000 	/System/Library/Frameworks/CoreDisplay.framework/Versions/A/CoreDisplay
0x00007fff2845f000 	/System/Library/Frameworks/CoreMedia.framework/Versions/A/CoreMedia
0x00007fff272c0000 	/System/Library/Frameworks/CoreVideo.framework/Versions/A/CoreVideo
0x00007fff2bac6000 	/System/Library/Frameworks/VideoToolbox.framework/Versions/A/VideoToolbox
0x00007fff26153000 	/System/Library/PrivateFrameworks/BaseBoard.framework/Versions/A/BaseBoard
0x00007fff2b1de000 	/System/Library/PrivateFrameworks/PersistentConnection.framework/Versions/A/PersistentConnection
0x00007fff25ee6000 	/System/Library/PrivateFrameworks/ProtocolBuffer.framework/Versions/A/ProtocolBuffer
0x00007fff2613a000 	/System/Library/PrivateFrameworks/CommonUtilities.framework/Versions/A/CommonUtilities
0x00007fff2b8f9000 	/System/Library/PrivateFrameworks/Bom.framework/Versions/A/Bom
0x00007fff2bcec000 	/System/Library/PrivateFrameworks/GPUWrangler.framework/Versions/A/GPUWrangler
0x00007fff2bcd1000 	/System/Library/PrivateFrameworks/IOPresentment.framework/Versions/A/IOPresentment
0x00007fff2bcf7000 	/System/Library/PrivateFrameworks/DSExternalDisplay.framework/Versions/A/DSExternalDisplay
0x00007fff2bd57000 	/System/Library/PrivateFrameworks/CMCaptureCore.framework/Versions/A/CMCaptureCore
0x00007fff2b67e000 	/System/Library/PrivateFrameworks/AppServerSupport.framework/Versions/A/AppServerSupport
0x00007fff2d72a000 	/System/Library/PrivateFrameworks/perfdata.framework/Versions/A/perfdata
0x00007fff29c5a000 	/System/Library/PrivateFrameworks/AssertionServices.framework/Versions/A/AssertionServices
0x00007fff21708000 	/System/Library/PrivateFrameworks/AudioToolboxCore.framework/Versions/A/AudioToolboxCore
0x00007fff28442000 	/System/Library/PrivateFrameworks/caulk.framework/Versions/A/caulk
0x00007fff3d3b7000 	/System/Library/PrivateFrameworks/SystemPolicy.framework/Versions/A/SystemPolicy
0x00007fff2ae8e000 	/usr/lib/libIOReport.dylib
0x00007fff2cf4c000 	/usr/lib/libSMC.dylib
0x00007fff2bc19000 	/usr/lib/libAudioToolboxUtility.dylib
0x00007fff3dd21000 	/usr/lib/libmis.dylib
0x00007fff6c887000 	/System/Library/Frameworks/OpenGL.framework/Versions/A/Libraries/libGLU.dylib
0x00007fff6c84a000 	/System/Library/Frameworks/OpenGL.framework/Versions/A/Libraries/libGFXShared.dylib
0x00007fff6ca59000 	/System/Library/Frameworks/OpenGL.framework/Versions/A/Libraries/libGL.dylib
0x00007fff6c853000 	/System/Library/Frameworks/OpenGL.framework/Versions/A/Libraries/libGLImage.dylib
0x00007fff6c847000 	/System/Library/Frameworks/OpenGL.framework/Versions/A/Libraries/libCVMSPluginSupport.dylib
0x00007fff6c832000 	/System/Library/Frameworks/OpenGL.framework/Versions/A/Libraries/libCoreVMClient.dylib
0x00007fff6de9a000 	/System/Library/Frameworks/OpenCL.framework/Versions/A/OpenCL
0x00007fff2b208000 	/System/Library/PrivateFrameworks/GraphVisualizer.framework/Versions/A/GraphVisualizer
0x00007fff2b217000 	/System/Library/PrivateFrameworks/FaceCore.framework/Versions/A/FaceCore
0x00007fff2b633000 	/System/Library/PrivateFrameworks/OTSVG.framework/Versions/A/OTSVG
0x00007fff26eb7000 	/System/Library/Frameworks/ApplicationServices.framework/Versions/A/Frameworks/ATS.framework/Versions/A/Resources/libFontRegistry.dylib
0x00007fff2b685000 	/System/Library/PrivateFrameworks/FontServices.framework/libhvf.dylib
0x00007fff2b045000 	/System/Library/PrivateFrameworks/AppleVA.framework/Versions/A/AppleVA
0x00007fff2cd95000 	/System/Library/Frameworks/ApplicationServices.framework/Versions/A/Frameworks/ATS.framework/Versions/A/ATS
0x00007fff2d0a7000 	/System/Library/Frameworks/ApplicationServices.framework/Versions/A/Frameworks/ColorSyncLegacy.framework/Versions/A/ColorSyncLegacy
0x00007fff256c0000 	/System/Library/Frameworks/ApplicationServices.framework/Versions/A/Frameworks/HIServices.framework/Versions/A/HIServices
0x00007fff2d08c000 	/System/Library/Frameworks/ApplicationServices.framework/Versions/A/Frameworks/LangAnalysis.framework/Versions/A/LangAnalysis
0x00007fff2bd61000 	/System/Library/Frameworks/ApplicationServices.framework/Versions/A/Frameworks/PrintCore.framework/Versions/A/PrintCore
0x00007fff2d0af000 	/System/Library/Frameworks/ApplicationServices.framework/Versions/A/Frameworks/QD.framework/Versions/A/QD
0x00007fff2cd85000 	/System/Library/Frameworks/ApplicationServices.framework/Versions/A/Frameworks/SpeechSynthesis.framework/Versions/A/SpeechSynthesis
0x00007fff2bd22000 	/System/Library/Frameworks/ApplicationServices.framework/Versions/A/Frameworks/ATSUI.framework/Versions/A/ATSUI
0x00007fff2d02c000 	/usr/lib/libcups.2.dylib
0x00007fff2d09c000 	/System/Library/PrivateFrameworks/NetAuth.framework/Versions/A/NetAuth
0x00007fff2d746000 	/System/Library/Frameworks/Kerberos.framework/Versions/A/Kerberos
0x00007fff2d756000 	/System/Library/Frameworks/GSS.framework/Versions/A/GSS
0x00007fff2ce01000 	/usr/lib/libresolv.9.dylib
0x00007fff2b69a000 	/System/Library/PrivateFrameworks/Heimdal.framework/Versions/A/Heimdal
0x00007fff334cd000 	/System/Library/Frameworks/Kerberos.framework/Versions/A/Libraries/libHeimdalProxy.dylib
0x00007fff262a6000 	/System/Library/Frameworks/Network.framework/Versions/A/Network
0x00007fff2b0b3000 	/usr/lib/libheimdal-asn1.dylib
0x00007fff2d7a6000 	/System/Library/PrivateFrameworks/CommonAuth.framework/Versions/A/CommonAuth
0x00007fff2730d000 	/System/Library/PrivateFrameworks/login.framework/Versions/A/Frameworks/loginsupport.framework/Versions/A/loginsupport
0x00007fff2cd0a000 	/System/Library/PrivateFrameworks/AudioSession.framework/Versions/A/AudioSession
0x00007fff2cd72000 	/usr/lib/libAudioStatistics.dylib
0x00007fff2b140000 	/System/Library/PrivateFrameworks/MediaExperience.framework/Versions/A/MediaExperience
0x00007fff2cba7000 	/System/Library/PrivateFrameworks/AudioSession.framework/libSessionUtility.dylib
0x00007fff2d737000 	/usr/lib/libperfcheck.dylib
0x00007fff2d0bb000 	/System/Library/PrivateFrameworks/AudioResourceArbitration.framework/Versions/A/AudioResourceArbitration
0x00007fff2b0bd000 	/System/Library/PrivateFrameworks/IconFoundation.framework/Versions/A/IconFoundation
0x00007fff2fbdd000 	/System/Library/PrivateFrameworks/SpeechRecognitionCore.framework/Versions/A/SpeechRecognitionCore
0x0000000114000000 	/Users/laurynjefferson/Library/Java/JavaVirtualMachines/openjdk-15.0.1/Contents/Home/lib/server/libjvm.dylib
0x000000010ff41000 	/Users/laurynjefferson/Library/Java/JavaVirtualMachines/openjdk-15.0.1/Contents/Home/lib/libjimage.dylib
0x000000010ff4f000 	/Users/laurynjefferson/Library/Java/JavaVirtualMachines/openjdk-15.0.1/Contents/Home/lib/libinstrument.dylib
0x000000010ff5f000 	/Users/laurynjefferson/Library/Java/JavaVirtualMachines/openjdk-15.0.1/Contents/Home/lib/libjava.dylib
0x000000010ffef000 	/Users/laurynjefferson/Library/Java/JavaVirtualMachines/openjdk-15.0.1/Contents/Home/lib/libzip.dylib
0x000000011d6a4000 	/Users/laurynjefferson/Library/Java/JavaVirtualMachines/openjdk-15.0.1/Contents/Home/lib/libnio.dylib
0x000000011d6b8000 	/Users/laurynjefferson/Library/Java/JavaVirtualMachines/openjdk-15.0.1/Contents/Home/lib/libnet.dylib
0x000000013553d000 	/Users/laurynjefferson/Library/Java/JavaVirtualMachines/openjdk-15.0.1/Contents/Home/lib/libverify.dylib
0x000000011d6d1000 	/Users/laurynjefferson/Library/Java/JavaVirtualMachines/openjdk-15.0.1/Contents/Home/lib/libextnet.dylib
0x000000013554e000 	/Users/laurynjefferson/Library/Java/JavaVirtualMachines/openjdk-15.0.1/Contents/Home/lib/libawt.dylib
0x0000000135605000 	/Users/laurynjefferson/Library/Java/JavaVirtualMachines/openjdk-15.0.1/Contents/Home/lib/libmlib_image.dylib
0x00007fff6f6bf000 	/System/Library/Frameworks/JavaNativeFoundation.framework/Versions/A/JavaNativeFoundation
0x00007fff6f6cb000 	/System/Library/Frameworks/JavaRuntimeSupport.framework/Versions/A/JavaRuntimeSupport
0x00007fff3d12f000 	/System/Library/Frameworks/Carbon.framework/Versions/A/Carbon
0x00007fff31ba3000 	/System/Library/PrivateFrameworks/CoreSymbolication.framework/Versions/A/CoreSymbolication
0x00007fff36435000 	/System/Library/Frameworks/Carbon.framework/Versions/A/Frameworks/CommonPanels.framework/Versions/A/CommonPanels
0x00007fff32f88000 	/System/Library/Frameworks/Carbon.framework/Versions/A/Frameworks/Help.framework/Versions/A/Help
0x00007fff36439000 	/System/Library/Frameworks/Carbon.framework/Versions/A/Frameworks/ImageCapture.framework/Versions/A/ImageCapture
0x00007fff36411000 	/System/Library/Frameworks/Carbon.framework/Versions/A/Frameworks/OpenScripting.framework/Versions/A/OpenScripting
0x00007fff36431000 	/System/Library/Frameworks/Carbon.framework/Versions/A/Frameworks/Ink.framework/Versions/A/Ink
0x00007fff3d12b000 	/System/Library/Frameworks/Carbon.framework/Versions/A/Frameworks/Print.framework/Versions/A/Print
0x00007fff3642d000 	/System/Library/Frameworks/Carbon.framework/Versions/A/Frameworks/SecurityHI.framework/Versions/A/SecurityHI
0x00007fff31b66000 	/System/Library/PrivateFrameworks/DebugSymbols.framework/Versions/A/DebugSymbols
0x00000001356a1000 	/Users/laurynjefferson/Library/Java/JavaVirtualMachines/openjdk-15.0.1/Contents/Home/lib/libawt_lwawt.dylib
0x000000013575b000 	/Users/laurynjefferson/Library/Java/JavaVirtualMachines/openjdk-15.0.1/Contents/Home/lib/libosxapp.dylib
0x00007fff3c4ef000 	/System/Library/Frameworks/ExceptionHandling.framework/Versions/A/ExceptionHandling
0x0000000135782000 	/Users/laurynjefferson/Library/Java/JavaVirtualMachines/openjdk-15.0.1/Contents/Home/lib/libfontmanager.dylib
0x00000001358ae000 	/Users/laurynjefferson/Library/Java/JavaVirtualMachines/openjdk-15.0.1/Contents/Home/lib/libfreetype.dylib
0x00007fff22ab1000 	/System/Library/PrivateFrameworks/CoreServicesInternal.framework/Versions/A/CoreServicesInternal
0x00007fff310c3000 	/System/Library/Frameworks/FileProvider.framework/Versions/A/FileProvider
0x00007fff260bd000 	/System/Library/Frameworks/Accounts.framework/Versions/A/Accounts
0x00007fff311e4000 	/System/Library/PrivateFrameworks/GenerationalStorage.framework/Versions/A/GenerationalStorage
0x00007fff30ae2000 	/System/Library/PrivateFrameworks/SymptomDiagnosticReporter.framework/Versions/A/SymptomDiagnosticReporter
0x00007fff2e3ef000 	/System/Library/PrivateFrameworks/AppContainer.framework/Versions/A/AppContainer
0x00007fff23bfb000 	/System/Library/PrivateFrameworks/DesktopServicesPriv.framework/Versions/A/DesktopServicesPriv
0x00007fff22be5000 	/usr/lib/libsandbox.1.dylib
0x00007fff27339000 	/System/Library/PrivateFrameworks/UserManagement.framework/Versions/A/UserManagement
0x00007fff29c37000 	/System/Library/PrivateFrameworks/MobileKeyBag.framework/Versions/A/MobileKeyBag
0x00007fff34536000 	/System/Library/PrivateFrameworks/ChunkingLibrary.framework/Versions/A/ChunkingLibrary
0x00007fff2e404000 	/System/Library/PrivateFrameworks/SecCodeWrapper.framework/Versions/A/SecCodeWrapper
0x00007fff2ae96000 	/System/Library/PrivateFrameworks/CrashReporterSupport.framework/Versions/A/CrashReporterSupport
0x00007fff48299000 	/System/Library/PrivateFrameworks/OSAnalytics.framework/Versions/A/OSAnalytics
0x00007fff783b2000 	/usr/lib/libRosetta.dylib
0x00007fff32f19000 	/System/Library/PrivateFrameworks/RemoteServiceDiscovery.framework/Versions/A/RemoteServiceDiscovery
0x00007fff52257000 	/System/Library/PrivateFrameworks/Symbolication.framework/Versions/A/Symbolication
0x00007fff32f29000 	/System/Library/PrivateFrameworks/RemoteXPC.framework/Versions/A/RemoteXPC
0x00007fff39426000 	/System/Library/PrivateFrameworks/OSAServicesClient.framework/Versions/A/OSAServicesClient
0x00007fff3dd00000 	/System/Library/PrivateFrameworks/MallocStackLogging.framework/Versions/A/MallocStackLogging
0x00007fff2e186000 	/System/Library/PrivateFrameworks/Sharing.framework/Versions/A/Sharing
0x00007fff32af6000 	/System/Library/PrivateFrameworks/Apple80211.framework/Versions/A/Apple80211
0x00007fff2a2bb000 	/System/Library/PrivateFrameworks/AuthKit.framework/Versions/A/AuthKit
0x00007fff29a37000 	/System/Library/PrivateFrameworks/CoreUtils.framework/Versions/A/CoreUtils
0x00007fff29964000 	/System/Library/Frameworks/CoreWLAN.framework/Versions/A/CoreWLAN
0x00007fff2e2ce000 	/System/Library/Frameworks/IOBluetooth.framework/Versions/A/IOBluetooth
0x00007fff32b5a000 	/System/Library/PrivateFrameworks/CoreWiFi.framework/Versions/A/CoreWiFi
0x00007fff2d82e000 	/System/Library/PrivateFrameworks/CorePhoneNumbers.framework/Versions/A/CorePhoneNumbers
0x00007fff30bea000 	/System/Library/PrivateFrameworks/DiskManagement.framework/Versions/A/DiskManagement
0x00007fff30b00000 	/System/Library/PrivateFrameworks/AppleIDAuthSupport.framework/Versions/A/AppleIDAuthSupport
0x00007fff2d80b000 	/System/Library/PrivateFrameworks/KeychainCircle.framework/Versions/A/KeychainCircle
0x00007fff30bb6000 	/System/Library/PrivateFrameworks/MediaKit.framework/Versions/A/MediaKit
0x00007fff30b0d000 	/System/Library/Frameworks/DiscRecording.framework/Versions/A/DiscRecording
0x00007fff2afb9000 	/usr/lib/libCoreStorage.dylib
0x00007fff32f94000 	/usr/lib/libcsfde.dylib
0x00007fff2e408000 	/System/Library/PrivateFrameworks/ProtectedCloudStorage.framework/Versions/A/ProtectedCloudStorage
0x00007fff32f8c000 	/System/Library/PrivateFrameworks/EFILogin.framework/Versions/A/EFILogin
0x00007fff33580000 	/System/Library/Frameworks/AudioUnit.framework/Versions/A/AudioUnit
0x00007fff30a7f000 	/System/Library/Frameworks/CoreBluetooth.framework/Versions/A/CoreBluetooth
0x00007fff2afb1000 	/usr/lib/libMatch.1.dylib
0x00007fff43f35000 	/System/Library/CoreServices/RawCamera.bundle/Contents/MacOS/RawCamera
0x00007fff2d7b7000 	/System/Library/PrivateFrameworks/MobileAsset.framework/Versions/A/MobileAsset
0x00007fff335a5000 	/System/Library/PrivateFrameworks/StreamingZip.framework/Versions/A/StreamingZip
0x00007fff2bf5a000 	/System/Library/Frameworks/MediaToolbox.framework/Versions/A/MediaToolbox
0x00007fff31095000 	/System/Library/PrivateFrameworks/CoreAVCHD.framework/Versions/A/CoreAVCHD
0x00007fff30249000 	/System/Library/Frameworks/MediaAccessibility.framework/Versions/A/MediaAccessibility
0x00007fff31091000 	/System/Library/PrivateFrameworks/Mangrove.framework/Versions/A/Mangrove
0x00007fff30255000 	/System/Library/PrivateFrameworks/AlgosScoreFramework.framework/Versions/A/AlgosScoreFramework
0x00007fff31a56000 	/System/Library/PrivateFrameworks/AppleVPA.framework/Versions/A/AppleVPA
0x00007fff30cd6000 	/System/Library/PrivateFrameworks/CoreAUC.framework/Versions/A/CoreAUC
0x00007fff41927000 	/System/Library/Frameworks/Accelerate.framework/Versions/A/Frameworks/vImage.framework/Versions/A/Libraries/libCGInterfaces.dylib
0x0000000137e4f000 	/usr/lib/libobjc-trampolines.dylib
0x00007fff2703b000 	/System/Library/PrivateFrameworks/ViewBridge.framework/Versions/A/ViewBridge
0x00007fff2b75b000 	/System/Library/PrivateFrameworks/login.framework/Versions/A/login
0x000000013a415000 	/Users/laurynjefferson/Documents/Libraries/Slick2D/slick/lib/liblwjgl.dylib
0x0000000138c51000 	/Users/laurynjefferson/Library/Java/JavaVirtualMachines/openjdk-15.0.1/Contents/Home/lib/libjawt.dylib
0x00007fff6ca64000 	/System/Library/Frameworks/OpenGL.framework/Versions/A/Resources/GLEngine.bundle/GLEngine
0x00007fff6c8c4000 	/System/Library/Frameworks/OpenGL.framework/Versions/A/Libraries/libGLProgrammability.dylib
0x00007fff5fbf4000 	/System/Library/Extensions/AppleIntelKBLGraphicsGLDriver.bundle/Contents/MacOS/AppleIntelKBLGraphicsGLDriver
0x00007fff46c2d000 	/System/Library/PrivateFrameworks/GPUSupport.framework/Versions/A/Libraries/libGPUSupportMercury.dylib
0x00007fff6cbe0000 	/System/Library/Frameworks/OpenGL.framework/Versions/A/Resources/GLRendererFloat.bundle/GLRendererFloat


VM Arguments:
jvm_args: -Djava.library.path=/Users/laurynjefferson/Documents/Libraries/Slick2D/slick/lib -javaagent:/Applications/IntelliJ IDEA CE.app/Contents/lib/idea_rt.jar=60225:/Applications/IntelliJ IDEA CE.app/Contents/bin -Dfile.encoding=UTF-8 
java_command: main.GameLauncher
java_class_path (initial): /Users/laurynjefferson/Documents/Games/Shoot 'Em Up Some More/out/production/Shoot 'Em Up Some More:/Users/laurynjefferson/Documents/Libraries/Slick2D/slick/lib/ibxm.jar:/Users/laurynjefferson/Documents/Libraries/Slick2D/slick/lib/jnlp.jar:/Users/laurynjefferson/Documents/Libraries/Slick2D/slick/lib/lwjgl.jar:/Users/laurynjefferson/Documents/Libraries/Slick2D/slick/lib/slick.jar:/Users/laurynjefferson/Documents/Libraries/Slick2D/slick/lib/jinput.jar:/Users/laurynjefferson/Documents/Libraries/Slick2D/slick/lib/jogg-0.0.7.jar:/Users/laurynjefferson/Documents/Libraries/Slick2D/slick/lib/lwjgl_util.jar:/Users/laurynjefferson/Documents/Libraries/Slick2D/slick/lib/tinylinepp.jar:/Users/laurynjefferson/Documents/Libraries/Slick2D/slick/lib/natives-mac.jar:/Users/laurynjefferson/Documents/Libraries/Slick2D/slick/lib/jorbis-0.0.15.jar:/Users/laurynjefferson/Documents/Libraries/Slick2D/slick/lib/natives-linux.jar:/Users/laurynjefferson/Documents/Libraries/Slick2D/slick/lib/slick-examples.jar:/Users/laurynjefferson/Documents/Libraries/Slick2D/slick/lib/natives-windows.jar:/Users/laurynjefferson/Documents/Libraries/Slick2D/slick/lib/lwjgl_util_applet.jar
Launcher Type: SUN_STANDARD

[Global flags]
     intx CICompilerCount                          = 4                                         {product} {ergonomic}
     uint ConcGCThreads                            = 2                                         {product} {ergonomic}
     uint G1ConcRefinementThreads                  = 8                                         {product} {ergonomic}
   size_t G1HeapRegionSize                         = 1048576                                   {product} {ergonomic}
    uintx GCDrainStackTargetSize                   = 64                                        {product} {ergonomic}
   size_t InitialHeapSize                          = 134217728                                 {product} {ergonomic}
   size_t MarkStackSize                            = 4194304                                   {product} {ergonomic}
   size_t MaxHeapSize                              = 2147483648                                {product} {ergonomic}
   size_t MaxNewSize                               = 1287651328                                {product} {ergonomic}
   size_t MinHeapDeltaBytes                        = 1048576                                   {product} {ergonomic}
   size_t MinHeapSize                              = 8388608                                   {product} {ergonomic}
    uintx NonNMethodCodeHeapSize                   = 5839372                                {pd product} {ergonomic}
    uintx NonProfiledCodeHeapSize                  = 122909434                              {pd product} {ergonomic}
    uintx ProfiledCodeHeapSize                     = 122909434                              {pd product} {ergonomic}
    uintx ReservedCodeCacheSize                    = 251658240                              {pd product} {ergonomic}
     bool SegmentedCodeCache                       = true                                      {product} {ergonomic}
   size_t SoftMaxHeapSize                          = 2147483648                             {manageable} {ergonomic}
     bool UseCompressedClassPointers               = true                                 {lp64_product} {ergonomic}
     bool UseCompressedOops                        = true                                 {lp64_product} {ergonomic}
     bool UseG1GC                                  = true                                      {product} {ergonomic}
     bool UseNUMA                                  = false                                     {product} {ergonomic}
     bool UseNUMAInterleaving                      = false                                     {product} {ergonomic}

Logging:
Log output configuration:
 #0: stdout all=warning uptime,level,tags
 #1: stderr all=off uptime,level,tags

Environment Variables:
PATH=/usr/local/bin:/usr/bin:/bin:/usr/sbin:/sbin:/Library/Apple/usr/bin
SHELL=/bin/zsh
LC_CTYPE=en_US.UTF-8

Signal Handlers:
SIGSEGV: [libjvm.dylib+0xa00020], sa_mask[0]=11111111011111110111111111111111, sa_flags=SA_ONSTACK|SA_RESTART|SA_SIGINFO
SIGBUS: [libjvm.dylib+0xa00020], sa_mask[0]=11111111011111110111111111111111, sa_flags=SA_RESTART|SA_SIGINFO
SIGFPE: [libjvm.dylib+0xa00020], sa_mask[0]=11111111011111110111111111111111, sa_flags=SA_RESTART|SA_SIGINFO
SIGPIPE: [libjvm.dylib+0x82b7f0], sa_mask[0]=11111111011111110111111111111111, sa_flags=SA_RESTART|SA_SIGINFO
SIGXFSZ: [libjvm.dylib+0x82b7f0], sa_mask[0]=11111111011111110111111111111111, sa_flags=SA_RESTART|SA_SIGINFO
SIGILL: [libjvm.dylib+0xa00020], sa_mask[0]=11111111011111110111111111111111, sa_flags=SA_RESTART|SA_SIGINFO
SIGUSR2: [libjvm.dylib+0x82c300], sa_mask[0]=00100000000000000000000000000000, sa_flags=SA_RESTART|SA_SIGINFO
SIGHUP: [libjvm.dylib+0x82aa00], sa_mask[0]=11111111011111110111111111111111, sa_flags=SA_RESTART|SA_SIGINFO
SIGINT: [libjvm.dylib+0x82aa00], sa_mask[0]=11111111011111110111111111111111, sa_flags=SA_RESTART|SA_SIGINFO
SIGTERM: [libjvm.dylib+0x82aa00], sa_mask[0]=11111111011111110111111111111111, sa_flags=SA_RESTART|SA_SIGINFO
SIGQUIT: [libjvm.dylib+0x82aa00], sa_mask[0]=11111111011111110111111111111111, sa_flags=SA_RESTART|SA_SIGINFO


---------------  S Y S T E M  ---------------

OS:uname: Darwin 20.2.0 Darwin Kernel Version 20.2.0: Wed Dec  2 20:39:59 PST 2020; root:xnu-7195.60.75~1/RELEASE_X86_64 x86_64
OS uptime: 6 days 17:23 hours
rlimit (soft/hard): STACK 8192k/65532k , CORE 0k/infinity , NPROC 1392/2088 , NOFILE 10240/infinity , AS infinity/infinity , CPU infinity/infinity , DATA infinity/infinity , FSIZE infinity/infinity , MEMLOCK infinity/infinity , RSS infinity/infinity
load average: 3.19 2.43 2.35

CPU: total 8 (initial active 8) (4 cores per cpu, 2 threads per core) family 6 model 142 stepping 10 microcode 0xe0, cmov, cx8, fxsr, mmx, sse, sse2, sse3, ssse3, sse4.1, sse4.2, popcnt, vzeroupper, avx, avx2, aes, clmul, erms, 3dnowpref, lzcnt, ht, tsc, tscinvbit, bmi1, bmi2, adx, fma, clflush, clflushopt

Memory: 4k page, physical 8388608k(152736k free), swap 3145728k(576512k free)

vm_info: OpenJDK 64-Bit Server VM (15.0.1+9-18) for bsd-amd64 JRE (15.0.1+9-18), built on Sep 15 2020 13:39:50 by "mach5one" with clang 4.2.1 Compatible Apple LLVM 10.0.0 (clang-1000.11.45.5)

END.
